['Al' 'Al' 'Al' 'Al' 'Al' 'Al' 'Al' 'Al' 'H2' 'H2' 'H2' 'H2' 'H2' 'H2'
 'H2' 'H2' 'H2' 'H2' 'H2' 'H2' 'H2' 'H2' 'H2' 'H2' 'H4' 'H4' 'H4' 'H4'
 'H4' 'H4' 'H4' 'H4' 'H' 'H' 'H' 'H' 'H' 'H' 'H' 'H' 'C2' 'C2' 'C2' 'C2'
 'C2' 'C2' 'C2' 'C2' 'C2' 'C2' 'C2' 'C2' 'C2' 'C2' 'C2' 'C2' 'C3' 'C3'
 'C3' 'C3' 'C3' 'C3' 'C3' 'C3' 'C3' 'C3' 'C3' 'C3' 'C3' 'C3' 'C3' 'C3'
 'C5' 'C5' 'C5' 'C5' 'C5' 'C5' 'C5' 'C5' 'C5' 'C5' 'C5' 'C5' 'C5' 'C5'
 'C5' 'C5' 'C1' 'C1' 'C1' 'C1' 'C1' 'C1' 'C1' 'C1' 'C4' 'C4' 'C4' 'C4'
 'C4' 'C4' 'C4' 'C4' 'O1' 'O1' 'O1' 'O1' 'O1' 'O1' 'O1' 'O1' 'O1' 'O1'
 'O1' 'O1' 'O1' 'O1' 'O1' 'O1' 'O2' 'O2' 'O2' 'O2' 'O2' 'O2' 'O2' 'O2'
 'O2' 'O2' 'O2' 'O2' 'O2' 'O2' 'O2' 'O2' 'O' 'O' 'O' 'O' 'O' 'O' 'O' 'O']
['AL' 'AL' 'AL' 'AL' 'AL' 'AL' 'AL' 'AL' 'H' 'H' 'H' 'H' 'H' 'H' 'H' 'H'
 'H' 'H' 'H' 'H' 'H' 'H' 'H' 'H' 'H' 'H' 'H' 'H' 'H' 'H' 'H' 'H' 'H' 'H'
 'H' 'H' 'H' 'H' 'H' 'H' 'C' 'C' 'C' 'C' 'C' 'C' 'C' 'C' 'C' 'C' 'C' 'C'
 'C' 'C' 'C' 'C' 'C' 'C' 'C' 'C' 'C' 'C' 'C' 'C' 'C' 'C' 'C' 'C' 'C' 'C'
 'C' 'C' 'C' 'C' 'C' 'C' 'C' 'C' 'C' 'C' 'C' 'C' 'C' 'C' 'C' 'C' 'C' 'C'
 'C' 'C' 'C' 'C' 'C' 'C' 'C' 'C' 'C' 'C' 'C' 'C' 'C' 'C' 'C' 'C' 'O' 'O'
 'O' 'O' 'O' 'O' 'O' 'O' 'O' 'O' 'O' 'O' 'O' 'O' 'O' 'O' 'O' 'O' 'O' 'O'
 'O' 'O' 'O' 'O' 'O' 'O' 'O' 'O' 'O' 'O' 'O' 'O' 'O' 'O' 'O' 'O' 'O' 'O'
 'O' 'O']
All bonds: <TopologyGroup containing 180 bonds>
ME-O bonds: <TopologyGroup containing 48 bonds>
Atom names:  ['Al' 'O1' 'O1' 'O2' 'O2' 'O' 'O' 'Al' 'O1' 'O1' 'O2' 'O2' 'O' 'O' 'Al'
 'O1' 'O1' 'O2' 'O2' 'Al' 'O1' 'O1' 'O2' 'O2' 'Al' 'O1' 'O1' 'O2' 'O2' 'O'
 'O' 'Al' 'O1' 'O1' 'O2' 'O2' 'O' 'O' 'Al' 'O1' 'O1' 'O2' 'O2' 'Al' 'O1'
 'O1' 'O2' 'O2' 'H2' 'C2' 'H2' 'C2' 'H2' 'C2' 'H2' 'C2' 'H2' 'C2' 'H2'
 'C2' 'H2' 'C2' 'H2' 'C2' 'H2' 'C2' 'H2' 'C2' 'H2' 'C2' 'H2' 'C2' 'H2'
 'C2' 'H2' 'C2' 'H2' 'C2' 'H2' 'C2' 'H4' 'C4' 'H4' 'C4' 'H4' 'C4' 'H4'
 'C4' 'H4' 'C4' 'H4' 'C4' 'H4' 'C4' 'H4' 'C4' 'H' 'H' 'H' 'H' 'H' 'H' 'H'
 'H' 'C3' 'C1' 'C3' 'C1' 'C3' 'C1' 'C3' 'C1' 'C3' 'C1' 'C3' 'C1' 'C3' 'C1'
 'C3' 'C1' 'C3' 'C3' 'C3' 'C3' 'C3' 'C3' 'C3' 'C3' 'C5' 'C5' 'C5' 'C5'
 'C5' 'C5' 'C5' 'C5' 'C5' 'C5' 'C5' 'C5' 'C5' 'C5' 'C5' 'C5']
G.nodes:  [0, 106, 109, 120, 126, 137, 139, 1, 107, 108, 121, 127, 136, 138, 2, 105, 110, 122, 124, 3, 104, 111, 123, 125, 4, 114, 117, 128, 134, 141, 143, 5, 115, 116, 129, 135, 140, 142, 6, 113, 118, 130, 132, 7, 112, 119, 131, 133, 8, 40, 9, 41, 10, 42, 11, 43, 12, 44, 13, 45, 14, 46, 15, 47, 16, 48, 17, 49, 18, 50, 19, 51, 20, 52, 21, 53, 22, 54, 23, 55, 24, 96, 25, 97, 26, 98, 27, 99, 28, 100, 29, 101, 30, 102, 31, 103, 32, 33, 34, 35, 36, 37, 38, 39, 56, 90, 57, 91, 58, 89, 59, 88, 60, 94, 61, 95, 62, 93, 63, 92, 64, 65, 66, 67, 68, 69, 70, 71, 72, 73, 74, 75, 76, 77, 78, 79, 80, 81, 82, 83, 84, 85, 86, 87]
G.edges:  [(106, 74), (109, 77), (120, 78), (126, 72), (137, 33), (139, 35), (107, 75), (108, 76), (121, 79), (127, 73), (136, 32), (138, 34), (105, 73), (110, 78), (122, 76), (124, 74), (104, 72), (111, 79), (123, 77), (125, 75), (114, 82), (117, 85), (128, 86), (134, 80), (141, 37), (143, 39), (115, 83), (116, 84), (129, 87), (135, 81), (140, 36), (142, 38), (113, 81), (118, 86), (130, 84), (132, 82), (112, 80), (119, 87), (131, 85), (133, 83), (8, 40), (40, 56), (40, 90), (9, 41), (41, 57), (41, 91), (10, 42), (42, 58), (42, 89), (11, 43), (43, 59), (43, 88), (12, 44), (44, 60), (44, 94), (13, 45), (45, 61), (45, 95), (14, 46), (46, 62), (46, 93), (15, 47), (47, 63), (47, 92), (16, 48), (48, 64), (48, 91), (17, 49), (49, 65), (49, 90), (18, 50), (50, 66), (50, 88), (19, 51), (51, 67), (51, 89), (20, 52), (52, 68), (52, 95), (21, 53), (53, 69), (53, 94), (22, 54), (54, 70), (54, 92), (23, 55), (55, 71), (55, 93), (24, 96), (96, 59), (96, 66), (25, 97), (97, 58), (97, 67), (26, 98), (98, 56), (98, 65), (27, 99), (99, 57), (99, 64), (28, 100), (100, 63), (100, 70), (29, 101), (101, 62), (101, 71), (30, 102), (102, 60), (102, 69), (31, 103), (103, 61), (103, 68), (56, 72), (90, 93), (57, 73), (91, 92), (58, 74), (89, 94), (59, 75), (88, 95), (60, 76), (61, 77), (62, 78), (63, 79), (64, 80), (65, 81), (66, 82), (67, 83), (68, 84), (69, 85), (70, 86), (71, 87)]
Connected components:  {'OH': 8, 'Me': 8, 'LIG': 4}
Name: 
Type: Graph
Number of nodes: 144
Number of edges: 132
Average degree:   1.8333
1 Me 0 [0]
2 Me 1 [1]
3 Me 2 [2]
4 Me 3 [3]
5 Me 4 [4]
6 Me 5 [5]
7 Me 6 [6]
8 Me 7 [7]
9 OH 0 [33, 137]
10 OH 1 [35, 139]
11 OH 2 [32, 136]
12 OH 3 [34, 138]
13 OH 4 [37, 141]
14 OH 5 [39, 143]
15 OH 6 [36, 140]
16 OH 7 [38, 142]
17 LIG 0 [89, 94, 42, 44, 51, 53, 58, 60, 67, 69, 97, 102, 74, 76, 83, 85, 10, 12, 19, 21, 25, 30, 106, 108, 115, 117, 131, 133, 122, 124]
18 LIG 1 [88, 95, 43, 45, 50, 52, 59, 61, 66, 68, 96, 103, 75, 77, 82, 84, 11, 13, 18, 20, 24, 31, 107, 109, 114, 116, 130, 132, 123, 125]
19 LIG 2 [90, 93, 40, 46, 49, 55, 56, 62, 65, 71, 98, 101, 72, 78, 81, 87, 8, 14, 17, 23, 26, 29, 104, 110, 113, 119, 129, 135, 120, 126]
20 LIG 3 [91, 92, 41, 47, 48, 54, 57, 63, 64, 70, 99, 100, 73, 79, 80, 86, 9, 15, 16, 22, 27, 28, 105, 111, 112, 118, 128, 134, 121, 127]
