['In' 'In' 'In' ... 'O' 'O' 'O']
['IN' 'IN' 'IN' ... 'O' 'O' 'O']
All bonds: <TopologyGroup containing 1440 bonds>
ME-O bonds: <TopologyGroup containing 384 bonds>
Atom names:  ['In' 'O1' 'O1' ... 'C5' 'C5' 'C5']
G.nodes:  [0, 106, 109, 120, 126, 137, 139, 1, 107, 108, 121, 127, 136, 138, 2, 110, 124, 249, 266, 283, 3, 104, 111, 123, 125, 4, 114, 117, 128, 134, 141, 143, 5, 115, 116, 129, 135, 140, 142, 6, 113, 118, 130, 132, 7, 119, 133, 256, 275, 286, 8, 40, 9, 41, 10, 42, 11, 43, 12, 44, 13, 45, 14, 46, 15, 47, 16, 48, 17, 49, 18, 50, 19, 51, 20, 52, 21, 53, 22, 54, 23, 55, 24, 96, 25, 97, 26, 98, 27, 99, 28, 100, 29, 101, 30, 102, 31, 103, 32, 33, 34, 35, 36, 37, 38, 39, 56, 90, 57, 379, 58, 89, 59, 376, 60, 94, 61, 383, 62, 93, 63, 380, 64, 91, 65, 666, 66, 664, 67, 68, 671, 69, 70, 92, 71, 669, 72, 217, 531, 74, 75, 384, 76, 77, 391, 222, 245, 79, 388, 224, 243, 81, 674, 82, 672, 83, 84, 679, 85, 86, 231, 821, 73, 201, 122, 78, 206, 254, 80, 208, 131, 87, 215, 263, 88, 239, 331, 626, 625, 329, 335, 631, 95, 232, 333, 628, 347, 642, 641, 489, 351, 791, 349, 644, 105, 146, 112, 151, 144, 250, 253, 264, 270, 281, 145, 251, 252, 265, 271, 280, 282, 268, 147, 248, 255, 267, 269, 148, 258, 261, 272, 278, 285, 287, 149, 259, 260, 273, 279, 284, 150, 257, 262, 274, 276, 277, 152, 184, 153, 185, 154, 186, 155, 187, 156, 188, 157, 189, 158, 190, 159, 191, 160, 192, 161, 193, 162, 194, 163, 195, 164, 196, 165, 197, 166, 198, 167, 199, 168, 240, 169, 241, 170, 242, 171, 172, 244, 173, 174, 246, 175, 247, 176, 177, 178, 179, 180, 181, 182, 183, 200, 234, 523, 202, 233, 203, 520, 204, 238, 205, 527, 237, 207, 524, 235, 209, 810, 210, 808, 211, 212, 815, 213, 214, 236, 813, 216, 387, 218, 219, 528, 220, 221, 535, 223, 532, 225, 818, 226, 816, 227, 228, 823, 229, 230, 677, 475, 770, 769, 473, 479, 775, 477, 772, 491, 786, 785, 345, 495, 647, 493, 788, 288, 394, 397, 408, 414, 425, 427, 289, 395, 396, 409, 415, 424, 426, 290, 398, 412, 537, 554, 571, 291, 392, 399, 411, 413, 292, 402, 405, 416, 422, 429, 431, 293, 403, 404, 417, 423, 428, 430, 294, 401, 406, 418, 420, 295, 407, 421, 544, 563, 574, 296, 328, 297, 298, 330, 299, 300, 332, 301, 302, 334, 303, 304, 336, 305, 337, 306, 338, 307, 339, 308, 340, 309, 341, 310, 342, 311, 343, 312, 313, 385, 314, 386, 315, 316, 317, 389, 318, 390, 319, 320, 321, 322, 323, 324, 325, 326, 327, 344, 378, 346, 377, 348, 382, 350, 381, 352, 353, 954, 354, 952, 355, 356, 959, 357, 358, 359, 957, 360, 505, 362, 363, 364, 365, 510, 533, 367, 512, 369, 962, 370, 960, 371, 372, 967, 373, 374, 519, 1109, 361, 410, 366, 494, 542, 368, 496, 419, 375, 503, 551, 914, 913, 919, 916, 930, 929, 1079, 932, 393, 434, 400, 439, 432, 538, 541, 552, 558, 569, 433, 539, 540, 553, 559, 568, 570, 556, 435, 536, 543, 555, 557, 436, 546, 549, 560, 566, 573, 575, 437, 547, 548, 561, 567, 572, 438, 545, 550, 562, 564, 565, 440, 472, 441, 442, 474, 443, 444, 476, 445, 446, 478, 447, 448, 480, 449, 481, 450, 482, 451, 483, 452, 484, 453, 485, 454, 486, 455, 487, 456, 457, 529, 458, 530, 459, 460, 461, 462, 534, 463, 464, 465, 466, 467, 468, 469, 470, 471, 488, 522, 490, 521, 492, 526, 525, 497, 1098, 498, 1096, 499, 500, 1103, 501, 502, 1101, 504, 506, 507, 508, 509, 511, 513, 1106, 514, 1104, 515, 516, 1111, 517, 518, 965, 1058, 1057, 1063, 1060, 1074, 1073, 935, 1076, 576, 682, 685, 696, 702, 713, 715, 577, 683, 684, 697, 703, 712, 714, 578, 686, 700, 825, 842, 859, 579, 680, 687, 699, 701, 580, 690, 693, 704, 710, 717, 719, 581, 691, 692, 705, 711, 716, 718, 582, 689, 694, 706, 708, 583, 695, 709, 832, 851, 862, 584, 616, 585, 617, 586, 618, 587, 619, 588, 620, 589, 621, 590, 622, 591, 623, 592, 624, 593, 594, 595, 627, 596, 597, 629, 598, 630, 599, 600, 601, 673, 602, 603, 675, 604, 676, 605, 606, 678, 607, 608, 609, 610, 611, 612, 613, 614, 615, 632, 633, 955, 634, 665, 635, 636, 670, 637, 638, 639, 956, 640, 667, 643, 645, 646, 668, 648, 793, 1107, 650, 651, 652, 653, 798, 655, 964, 800, 819, 657, 658, 659, 660, 661, 662, 807, 649, 777, 698, 654, 782, 830, 656, 784, 707, 663, 839, 907, 905, 911, 909, 923, 1065, 927, 925, 681, 722, 688, 727, 720, 826, 829, 840, 846, 857, 721, 827, 828, 841, 847, 856, 858, 844, 723, 824, 831, 843, 845, 724, 834, 837, 848, 854, 861, 863, 725, 835, 836, 849, 855, 860, 726, 833, 838, 850, 852, 853, 728, 760, 729, 761, 730, 762, 731, 763, 732, 764, 733, 765, 734, 766, 735, 767, 736, 768, 737, 738, 739, 771, 740, 741, 773, 742, 774, 743, 744, 745, 817, 746, 747, 748, 820, 749, 750, 822, 751, 752, 753, 754, 755, 756, 757, 758, 759, 776, 1099, 778, 809, 779, 780, 814, 781, 783, 1100, 811, 787, 789, 790, 812, 792, 963, 794, 795, 796, 797, 799, 1108, 801, 802, 803, 804, 805, 806, 1051, 1049, 1055, 1053, 1067, 921, 1071, 1069, 864, 970, 973, 984, 990, 1001, 1003, 865, 971, 972, 985, 991, 1000, 1002, 866, 974, 988, 1113, 1130, 1147, 867, 968, 975, 987, 989, 868, 978, 981, 992, 998, 1005, 1007, 869, 979, 980, 993, 999, 1004, 1006, 870, 977, 982, 994, 996, 871, 983, 997, 1120, 1139, 1150, 872, 904, 873, 874, 906, 875, 876, 908, 877, 878, 910, 879, 880, 912, 881, 882, 883, 915, 884, 885, 917, 886, 918, 887, 888, 889, 961, 890, 891, 892, 893, 894, 966, 895, 896, 897, 898, 899, 900, 901, 902, 903, 920, 922, 953, 924, 958, 926, 928, 931, 933, 934, 936, 1081, 938, 939, 940, 941, 1086, 943, 1088, 945, 946, 947, 948, 949, 950, 1095, 937, 986, 942, 1070, 1118, 944, 1072, 995, 951, 1127, 969, 1010, 976, 1015, 1008, 1114, 1117, 1128, 1134, 1145, 1009, 1115, 1116, 1129, 1135, 1144, 1146, 1132, 1011, 1112, 1119, 1131, 1133, 1012, 1122, 1125, 1136, 1142, 1149, 1151, 1013, 1123, 1124, 1137, 1143, 1148, 1014, 1121, 1126, 1138, 1140, 1141, 1016, 1048, 1017, 1018, 1050, 1019, 1020, 1052, 1021, 1022, 1054, 1023, 1024, 1056, 1025, 1026, 1027, 1059, 1028, 1029, 1061, 1030, 1062, 1031, 1032, 1033, 1105, 1034, 1035, 1036, 1037, 1038, 1110, 1039, 1040, 1041, 1042, 1043, 1044, 1045, 1046, 1047, 1064, 1066, 1097, 1068, 1102, 1075, 1077, 1078, 1080, 1082, 1083, 1084, 1085, 1087, 1089, 1090, 1091, 1092, 1093, 1094]
G.edges:  [(106, 74), (109, 77), (120, 72), (126, 78), (137, 33), (139, 35), (107, 75), (108, 76), (121, 73), (127, 79), (136, 32), (138, 34), (110, 222), (124, 76), (249, 73), (266, 218), (283, 179), (104, 72), (111, 79), (123, 75), (125, 77), (114, 82), (117, 85), (128, 80), (134, 86), (141, 37), (143, 39), (115, 83), (116, 84), (129, 81), (135, 87), (140, 36), (142, 38), (113, 81), (118, 86), (130, 82), (132, 84), (119, 231), (133, 85), (256, 80), (275, 227), (286, 182), (8, 40), (40, 56), (40, 90), (9, 41), (41, 57), (41, 379), (10, 42), (42, 58), (42, 89), (11, 43), (43, 59), (43, 376), (12, 44), (44, 60), (44, 94), (13, 45), (45, 61), (45, 383), (14, 46), (46, 62), (46, 93), (15, 47), (47, 63), (47, 380), (16, 48), (48, 64), (48, 91), (17, 49), (49, 65), (49, 666), (18, 50), (50, 66), (50, 664), (19, 51), (51, 67), (51, 89), (20, 52), (52, 68), (52, 671), (21, 53), (53, 69), (53, 94), (22, 54), (54, 70), (54, 92), (23, 55), (55, 71), (55, 669), (24, 96), (96, 347), (96, 642), (25, 97), (97, 58), (97, 67), (26, 98), (98, 56), (98, 641), (27, 99), (99, 208), (99, 489), (28, 100), (100, 70), (100, 351), (29, 101), (101, 206), (101, 791), (30, 102), (102, 60), (102, 69), (31, 103), (103, 349), (103, 644), (56, 72), (90, 93), (90, 625), (57, 217), (57, 531), (379, 336), (379, 380), (58, 74), (89, 94), (59, 75), (59, 384), (376, 527), (376, 914), (60, 76), (61, 77), (61, 391), (383, 520), (383, 916), (62, 222), (62, 245), (93, 631), (63, 79), (63, 388), (380, 342), (64, 224), (64, 243), (91, 92), (91, 329), (65, 81), (65, 674), (666, 616), (666, 669), (66, 82), (66, 672), (664, 815), (664, 907), (67, 83), (68, 84), (68, 679), (671, 808), (671, 909), (69, 85), (70, 86), (92, 335), (71, 231), (71, 821), (669, 622), (217, 105), (217, 265), (531, 352), (531, 459), (74, 122), (384, 312), (384, 930), (391, 319), (391, 932), (222, 270), (245, 173), (245, 647), (388, 316), (388, 358), (224, 112), (224, 272), (243, 171), (243, 345), (674, 602), (674, 632), (672, 600), (672, 923), (83, 131), (679, 607), (679, 925), (231, 279), (821, 638), (821, 749), (73, 201), (201, 185), (201, 387), (78, 206), (78, 254), (206, 190), (80, 208), (208, 192), (87, 215), (87, 263), (215, 199), (215, 677), (88, 239), (88, 331), (88, 626), (239, 477), (239, 772), (331, 299), (331, 347), (626, 594), (626, 642), (625, 593), (625, 641), (329, 297), (329, 345), (335, 303), (335, 351), (631, 599), (631, 647), (95, 232), (95, 333), (95, 628), (232, 475), (232, 770), (333, 301), (333, 349), (628, 596), (628, 644), (347, 363), (642, 658), (641, 657), (489, 361), (489, 473), (351, 367), (791, 663), (791, 775), (349, 365), (644, 660), (250, 218), (253, 221), (264, 216), (281, 177), (251, 219), (252, 220), (271, 223), (280, 176), (282, 178), (268, 220), (248, 216), (255, 223), (267, 219), (269, 221), (258, 226), (261, 229), (278, 230), (285, 181), (287, 183), (259, 227), (260, 228), (273, 225), (284, 180), (257, 225), (262, 230), (274, 226), (276, 228), (277, 229), (152, 184), (184, 200), (184, 234), (153, 185), (185, 523), (154, 186), (186, 202), (186, 233), (155, 187), (187, 203), (187, 520), (156, 188), (188, 204), (188, 238), (157, 189), (189, 205), (189, 527), (158, 190), (190, 237), (159, 191), (191, 207), (191, 524), (160, 192), (192, 235), (161, 193), (193, 209), (193, 810), (162, 194), (194, 210), (194, 808), (163, 195), (195, 211), (195, 233), (164, 196), (196, 212), (196, 815), (165, 197), (197, 213), (197, 238), (166, 198), (198, 214), (198, 236), (167, 199), (199, 813), (168, 240), (240, 491), (240, 786), (169, 241), (241, 202), (241, 211), (170, 242), (242, 200), (242, 785), (172, 244), (244, 214), (244, 495), (174, 246), (246, 204), (246, 213), (175, 247), (247, 493), (247, 788), (200, 216), (234, 237), (234, 769), (523, 480), (523, 524), (202, 218), (233, 238), (203, 219), (203, 528), (520, 1058), (204, 220), (205, 221), (205, 535), (527, 1060), (237, 775), (207, 223), (207, 532), (524, 486), (235, 236), (235, 473), (209, 225), (209, 818), (810, 760), (810, 813), (210, 226), (210, 816), (808, 1051), (211, 227), (212, 228), (212, 823), (815, 1053), (213, 229), (214, 230), (236, 479), (813, 766), (387, 315), (387, 496), (528, 456), (528, 1074), (535, 463), (535, 1076), (532, 460), (532, 502), (818, 746), (818, 776), (816, 744), (816, 1067), (823, 751), (823, 1069), (677, 605), (677, 782), (475, 443), (475, 491), (770, 738), (770, 786), (769, 737), (769, 785), (473, 441), (479, 447), (479, 495), (775, 743), (477, 445), (477, 493), (772, 740), (772, 788), (491, 507), (786, 802), (785, 801), (345, 505), (495, 511), (647, 807), (493, 509), (788, 804), (394, 362), (397, 365), (408, 360), (414, 366), (425, 321), (427, 323), (395, 363), (396, 364), (409, 361), (415, 367), (424, 320), (426, 322), (398, 510), (412, 364), (537, 361), (554, 506), (571, 467), (392, 360), (399, 367), (411, 363), (413, 365), (402, 370), (405, 373), (416, 368), (422, 374), (429, 325), (431, 327), (403, 371), (404, 372), (417, 369), (423, 375), (428, 324), (430, 326), (401, 369), (406, 374), (418, 370), (420, 372), (407, 519), (421, 373), (544, 368), (563, 515), (574, 470), (296, 328), (328, 344), (328, 378), (298, 330), (330, 346), (330, 377), (300, 332), (332, 348), (332, 382), (302, 334), (334, 350), (334, 381), (304, 336), (336, 352), (305, 337), (337, 353), (337, 954), (306, 338), (338, 354), (338, 952), (307, 339), (339, 355), (339, 377), (308, 340), (340, 356), (340, 959), (309, 341), (341, 357), (341, 382), (310, 342), (342, 358), (311, 343), (343, 359), (343, 957), (313, 385), (385, 346), (385, 355), (314, 386), (386, 344), (386, 929), (317, 389), (389, 494), (389, 1079), (318, 390), (390, 348), (390, 357), (344, 360), (378, 381), (378, 913), (346, 362), (377, 382), (348, 364), (350, 510), (350, 533), (381, 919), (352, 512), (353, 369), (353, 962), (954, 904), (954, 957), (354, 370), (354, 960), (952, 619), (952, 1103), (355, 371), (356, 372), (356, 967), (959, 621), (959, 1096), (357, 373), (358, 374), (359, 519), (359, 1109), (957, 910), (505, 393), (505, 553), (362, 410), (510, 558), (533, 461), (533, 935), (512, 400), (512, 560), (962, 890), (962, 920), (960, 635), (960, 888), (371, 419), (967, 637), (967, 895), (519, 567), (1109, 926), (1109, 1037), (366, 494), (366, 542), (494, 478), (368, 496), (496, 480), (375, 503), (375, 551), (503, 487), (503, 965), (914, 882), (914, 930), (913, 881), (913, 929), (919, 887), (919, 935), (916, 884), (916, 932), (930, 946), (929, 945), (1079, 951), (1079, 1063), (932, 948), (538, 506), (541, 509), (552, 504), (569, 465), (539, 507), (540, 508), (559, 511), (568, 464), (570, 466), (556, 508), (536, 504), (543, 511), (555, 507), (557, 509), (546, 514), (549, 517), (566, 518), (573, 469), (575, 471), (547, 515), (548, 516), (561, 513), (572, 468), (545, 513), (550, 518), (562, 514), (564, 516), (565, 517), (440, 472), (472, 488), (472, 522), (442, 474), (474, 490), (474, 521), (444, 476), (476, 492), (476, 526), (446, 478), (478, 525), (448, 480), (449, 481), (481, 497), (481, 1098), (450, 482), (482, 498), (482, 1096), (451, 483), (483, 499), (483, 521), (452, 484), (484, 500), (484, 1103), (453, 485), (485, 501), (485, 526), (454, 486), (486, 502), (455, 487), (487, 1101), (457, 529), (529, 490), (529, 499), (458, 530), (530, 488), (530, 1073), (462, 534), (534, 492), (534, 501), (488, 504), (522, 525), (522, 1057), (490, 506), (521, 526), (492, 508), (525, 1063), (497, 513), (497, 1106), (1098, 1048), (1098, 1101), (498, 514), (498, 1104), (1096, 763), (499, 515), (500, 516), (500, 1111), (1103, 765), (501, 517), (502, 518), (1101, 1054), (1106, 1034), (1106, 1064), (1104, 779), (1104, 1032), (1111, 781), (1111, 1039), (965, 893), (965, 1070), (1058, 1026), (1058, 1074), (1057, 1025), (1057, 1073), (1063, 1031), (1060, 1028), (1060, 1076), (1074, 1090), (1073, 1089), (935, 1095), (1076, 1092), (682, 650), (685, 653), (696, 648), (702, 654), (713, 609), (715, 611), (683, 651), (684, 652), (697, 649), (703, 655), (712, 608), (714, 610), (686, 798), (700, 652), (825, 649), (842, 794), (859, 755), (680, 648), (687, 655), (699, 651), (701, 653), (690, 658), (693, 661), (704, 656), (710, 662), (717, 613), (719, 615), (691, 659), (692, 660), (705, 657), (711, 663), (716, 612), (718, 614), (689, 657), (694, 662), (706, 658), (708, 660), (695, 807), (709, 661), (832, 656), (851, 803), (862, 758), (584, 616), (616, 632), (585, 617), (617, 633), (617, 955), (586, 618), (618, 634), (618, 665), (587, 619), (619, 635), (588, 620), (620, 636), (620, 670), (589, 621), (621, 637), (590, 622), (622, 638), (591, 623), (623, 639), (623, 956), (592, 624), (624, 640), (624, 667), (595, 627), (627, 643), (627, 665), (597, 629), (629, 645), (629, 670), (598, 630), (630, 646), (630, 668), (601, 673), (673, 634), (673, 643), (603, 675), (675, 784), (675, 1065), (604, 676), (676, 646), (676, 927), (606, 678), (678, 636), (678, 645), (632, 648), (633, 793), (633, 1107), (955, 912), (955, 956), (634, 650), (665, 670), (635, 651), (636, 652), (637, 653), (638, 798), (639, 655), (639, 964), (956, 918), (640, 800), (640, 819), (667, 668), (667, 905), (643, 659), (645, 661), (646, 662), (668, 911), (793, 681), (793, 841), (1107, 928), (1107, 1035), (650, 698), (798, 846), (964, 892), (964, 934), (800, 688), (800, 848), (819, 747), (819, 921), (659, 707), (807, 855), (649, 777), (777, 761), (777, 963), (654, 782), (654, 830), (782, 766), (656, 784), (784, 768), (663, 839), (907, 875), (907, 923), (905, 873), (905, 921), (911, 879), (911, 927), (909, 877), (909, 925), (923, 939), (1065, 937), (1065, 1049), (927, 943), (925, 941), (826, 794), (829, 797), (840, 792), (857, 753), (827, 795), (828, 796), (847, 799), (856, 752), (858, 754), (844, 796), (824, 792), (831, 799), (843, 795), (845, 797), (834, 802), (837, 805), (854, 806), (861, 757), (863, 759), (835, 803), (836, 804), (849, 801), (860, 756), (833, 801), (838, 806), (850, 802), (852, 804), (853, 805), (728, 760), (760, 776), (729, 761), (761, 1099), (730, 762), (762, 778), (762, 809), (731, 763), (763, 779), (732, 764), (764, 780), (764, 814), (733, 765), (765, 781), (734, 766), (735, 767), (767, 783), (767, 1100), (736, 768), (768, 811), (739, 771), (771, 787), (771, 809), (741, 773), (773, 789), (773, 814), (742, 774), (774, 790), (774, 812), (745, 817), (817, 778), (817, 787), (748, 820), (820, 790), (820, 1071), (750, 822), (822, 780), (822, 789), (776, 792), (1099, 1056), (1099, 1100), (778, 794), (809, 814), (779, 795), (780, 796), (781, 797), (783, 799), (783, 1108), (1100, 1062), (811, 812), (811, 1049), (787, 803), (789, 805), (790, 806), (812, 1055), (963, 891), (963, 1072), (1108, 1036), (1108, 1078), (1051, 1019), (1051, 1067), (1049, 1017), (1055, 1023), (1055, 1071), (1053, 1021), (1053, 1069), (1067, 1083), (921, 1081), (1071, 1087), (1069, 1085), (970, 938), (973, 941), (984, 936), (990, 942), (1001, 897), (1003, 899), (971, 939), (972, 940), (985, 937), (991, 943), (1000, 896), (1002, 898), (974, 1086), (988, 940), (1113, 937), (1130, 1082), (1147, 1043), (968, 936), (975, 943), (987, 939), (989, 941), (978, 946), (981, 949), (992, 944), (998, 950), (1005, 901), (1007, 903), (979, 947), (980, 948), (993, 945), (999, 951), (1004, 900), (1006, 902), (977, 945), (982, 950), (994, 946), (996, 948), (983, 1095), (997, 949), (1120, 944), (1139, 1091), (1150, 1046), (872, 904), (904, 920), (874, 906), (906, 922), (906, 953), (876, 908), (908, 924), (908, 958), (878, 910), (910, 926), (880, 912), (912, 928), (883, 915), (915, 931), (915, 953), (885, 917), (917, 933), (917, 958), (886, 918), (918, 934), (889, 961), (961, 922), (961, 931), (894, 966), (966, 924), (966, 933), (920, 936), (922, 938), (953, 958), (924, 940), (926, 1086), (928, 1088), (931, 947), (933, 949), (934, 950), (1081, 969), (1081, 1129), (938, 986), (1086, 1134), (1088, 976), (1088, 1136), (947, 995), (1095, 1143), (942, 1070), (942, 1118), (1070, 1054), (944, 1072), (1072, 1056), (951, 1127), (1114, 1082), (1117, 1085), (1128, 1080), (1145, 1041), (1115, 1083), (1116, 1084), (1135, 1087), (1144, 1040), (1146, 1042), (1132, 1084), (1112, 1080), (1119, 1087), (1131, 1083), (1133, 1085), (1122, 1090), (1125, 1093), (1142, 1094), (1149, 1045), (1151, 1047), (1123, 1091), (1124, 1092), (1137, 1089), (1148, 1044), (1121, 1089), (1126, 1094), (1138, 1090), (1140, 1092), (1141, 1093), (1016, 1048), (1048, 1064), (1018, 1050), (1050, 1066), (1050, 1097), (1020, 1052), (1052, 1068), (1052, 1102), (1022, 1054), (1024, 1056), (1027, 1059), (1059, 1075), (1059, 1097), (1029, 1061), (1061, 1077), (1061, 1102), (1030, 1062), (1062, 1078), (1033, 1105), (1105, 1066), (1105, 1075), (1038, 1110), (1110, 1068), (1110, 1077), (1064, 1080), (1066, 1082), (1097, 1102), (1068, 1084), (1075, 1091), (1077, 1093), (1078, 1094)]
Connected components:  {'OH': 64, 'Me': 64, 'LIG': 32}
Name: 
Type: Graph
Number of nodes: 1152
Number of edges: 1056
Average degree:   1.8333
1 Me 0 [0]
2 Me 1 [1]
3 Me 2 [2]
4 Me 3 [3]
5 Me 4 [4]
6 Me 5 [5]
7 Me 6 [6]
8 Me 7 [7]
9 Me 8 [146]
10 Me 9 [151]
11 Me 10 [144]
12 Me 11 [145]
13 Me 12 [147]
14 Me 13 [148]
15 Me 14 [149]
16 Me 15 [150]
17 Me 16 [288]
18 Me 17 [289]
19 Me 18 [290]
20 Me 19 [291]
21 Me 20 [292]
22 Me 21 [293]
23 Me 22 [294]
24 Me 23 [295]
25 Me 24 [434]
26 Me 25 [439]
27 Me 26 [432]
28 Me 27 [433]
29 Me 28 [435]
30 Me 29 [436]
31 Me 30 [437]
32 Me 31 [438]
33 Me 32 [576]
34 Me 33 [577]
35 Me 34 [578]
36 Me 35 [579]
37 Me 36 [580]
38 Me 37 [581]
39 Me 38 [582]
40 Me 39 [583]
41 Me 40 [722]
42 Me 41 [727]
43 Me 42 [720]
44 Me 43 [721]
45 Me 44 [723]
46 Me 45 [724]
47 Me 46 [725]
48 Me 47 [726]
49 Me 48 [864]
50 Me 49 [865]
51 Me 50 [866]
52 Me 51 [867]
53 Me 52 [868]
54 Me 53 [869]
55 Me 54 [870]
56 Me 55 [871]
57 Me 56 [1010]
58 Me 57 [1015]
59 Me 58 [1008]
60 Me 59 [1009]
61 Me 60 [1011]
62 Me 61 [1012]
63 Me 62 [1013]
64 Me 63 [1014]
65 OH 0 [33, 137]
66 OH 1 [35, 139]
67 OH 2 [32, 136]
68 OH 3 [34, 138]
69 OH 4 [179, 283]
70 OH 5 [37, 141]
71 OH 6 [39, 143]
72 OH 7 [36, 140]
73 OH 8 [38, 142]
74 OH 9 [182, 286]
75 OH 10 [177, 281]
76 OH 11 [176, 280]
77 OH 12 [178, 282]
78 OH 13 [181, 285]
79 OH 14 [183, 287]
80 OH 15 [180, 284]
81 OH 16 [321, 425]
82 OH 17 [323, 427]
83 OH 18 [320, 424]
84 OH 19 [322, 426]
85 OH 20 [467, 571]
86 OH 21 [325, 429]
87 OH 22 [327, 431]
88 OH 23 [324, 428]
89 OH 24 [326, 430]
90 OH 25 [470, 574]
91 OH 26 [465, 569]
92 OH 27 [464, 568]
93 OH 28 [466, 570]
94 OH 29 [469, 573]
95 OH 30 [471, 575]
96 OH 31 [468, 572]
97 OH 32 [609, 713]
98 OH 33 [611, 715]
99 OH 34 [608, 712]
100 OH 35 [610, 714]
101 OH 36 [755, 859]
102 OH 37 [613, 717]
103 OH 38 [615, 719]
104 OH 39 [612, 716]
105 OH 40 [614, 718]
106 OH 41 [758, 862]
107 OH 42 [753, 857]
108 OH 43 [752, 856]
109 OH 44 [754, 858]
110 OH 45 [757, 861]
111 OH 46 [759, 863]
112 OH 47 [756, 860]
113 OH 48 [897, 1001]
114 OH 49 [899, 1003]
115 OH 50 [896, 1000]
116 OH 51 [898, 1002]
117 OH 52 [1043, 1147]
118 OH 53 [901, 1005]
119 OH 54 [903, 1007]
120 OH 55 [900, 1004]
121 OH 56 [902, 1006]
122 OH 57 [1046, 1150]
123 OH 58 [1041, 1145]
124 OH 59 [1040, 1144]
125 OH 60 [1042, 1146]
126 OH 61 [1045, 1149]
127 OH 62 [1047, 1151]
128 OH 63 [1044, 1148]
129 LIG 0 [89, 94, 42, 44, 51, 53, 58, 60, 67, 69, 97, 102, 74, 76, 83, 85, 10, 12, 19, 21, 25, 30, 106, 108, 115, 117, 131, 133, 122, 124]
130 LIG 1 [383, 520, 45, 187, 916, 1058, 61, 203, 932, 1074, 391, 528, 77, 219, 948, 1090, 13, 155, 884, 1026, 319, 456, 109, 251, 980, 1122, 996, 1138, 125, 267]
131 LIG 2 [90, 93, 40, 46, 625, 631, 56, 62, 641, 647, 98, 245, 72, 222, 657, 807, 8, 14, 593, 599, 26, 173, 104, 110, 689, 695, 705, 855, 120, 270]
132 LIG 3 [237, 234, 190, 184, 775, 769, 206, 200, 791, 785, 101, 242, 78, 216, 663, 801, 158, 152, 743, 737, 29, 170, 254, 248, 839, 833, 711, 849, 126, 264]
133 LIG 4 [376, 527, 43, 189, 914, 1060, 59, 205, 930, 1076, 384, 535, 75, 221, 946, 1092, 11, 157, 882, 1028, 312, 463, 107, 253, 978, 1124, 994, 1140, 123, 269]
134 LIG 5 [523, 524, 185, 191, 480, 486, 201, 207, 496, 502, 387, 532, 73, 223, 368, 518, 153, 159, 448, 454, 315, 460, 249, 255, 544, 550, 416, 566, 121, 271]
135 LIG 6 [379, 380, 41, 47, 336, 342, 57, 63, 352, 358, 531, 388, 217, 79, 512, 374, 9, 15, 304, 310, 459, 316, 105, 111, 400, 406, 560, 422, 265, 127]
136 LIG 7 [233, 238, 186, 188, 195, 197, 202, 204, 211, 213, 241, 246, 218, 220, 227, 229, 154, 156, 163, 165, 169, 174, 250, 252, 259, 261, 275, 277, 266, 268]
137 LIG 8 [664, 815, 50, 196, 907, 1053, 66, 212, 923, 1069, 672, 823, 82, 228, 939, 1085, 18, 164, 875, 1021, 600, 751, 114, 260, 971, 1117, 987, 1133, 130, 276]
138 LIG 9 [235, 236, 192, 198, 473, 479, 208, 214, 489, 495, 99, 244, 80, 230, 361, 511, 160, 166, 441, 447, 27, 172, 256, 262, 537, 543, 409, 559, 128, 278]
139 LIG 10 [91, 92, 48, 54, 329, 335, 64, 70, 345, 351, 243, 100, 224, 86, 505, 367, 16, 22, 297, 303, 171, 28, 112, 118, 393, 399, 553, 415, 272, 134]
140 LIG 11 [671, 808, 52, 194, 909, 1051, 68, 210, 925, 1067, 679, 816, 84, 226, 941, 1083, 20, 162, 877, 1019, 607, 744, 116, 258, 973, 1115, 989, 1131, 132, 274]
141 LIG 12 [666, 669, 49, 55, 616, 622, 65, 71, 632, 638, 674, 821, 81, 231, 648, 798, 17, 23, 584, 590, 602, 749, 113, 119, 680, 686, 696, 846, 129, 279]
142 LIG 13 [813, 810, 199, 193, 766, 760, 215, 209, 782, 776, 677, 818, 87, 225, 654, 792, 167, 161, 734, 728, 605, 746, 263, 257, 830, 824, 702, 840, 135, 273]
143 LIG 14 [88, 239, 331, 477, 626, 772, 347, 493, 642, 788, 96, 247, 363, 509, 658, 804, 299, 445, 594, 740, 24, 175, 395, 541, 690, 836, 706, 852, 411, 557]
144 LIG 15 [95, 232, 333, 475, 628, 770, 349, 491, 644, 786, 103, 240, 365, 507, 660, 802, 301, 443, 596, 738, 31, 168, 397, 539, 692, 834, 708, 850, 413, 555]
145 LIG 16 [377, 382, 330, 332, 339, 341, 346, 348, 355, 357, 385, 390, 362, 364, 371, 373, 298, 300, 307, 309, 313, 318, 394, 396, 403, 405, 419, 421, 410, 412]
146 LIG 17 [378, 381, 328, 334, 913, 919, 344, 350, 929, 935, 386, 533, 360, 510, 945, 1095, 296, 302, 881, 887, 314, 461, 392, 398, 977, 983, 993, 1143, 408, 558]
147 LIG 18 [525, 522, 478, 472, 1063, 1057, 494, 488, 1079, 1073, 389, 530, 366, 504, 951, 1089, 446, 440, 1031, 1025, 317, 458, 542, 536, 1127, 1121, 999, 1137, 414, 552]
148 LIG 19 [521, 526, 474, 476, 483, 485, 490, 492, 499, 501, 529, 534, 506, 508, 515, 517, 442, 444, 451, 453, 457, 462, 538, 540, 547, 549, 563, 565, 554, 556]
149 LIG 20 [952, 1103, 338, 484, 619, 765, 354, 500, 635, 781, 960, 1111, 370, 516, 651, 797, 306, 452, 587, 733, 888, 1039, 402, 548, 683, 829, 699, 845, 418, 564]
150 LIG 21 [959, 1096, 340, 482, 621, 763, 356, 498, 637, 779, 967, 1104, 372, 514, 653, 795, 308, 450, 589, 731, 895, 1032, 404, 546, 685, 827, 701, 843, 420, 562]
151 LIG 22 [954, 957, 337, 343, 904, 910, 353, 359, 920, 926, 962, 1109, 369, 519, 936, 1086, 305, 311, 872, 878, 890, 1037, 401, 407, 968, 974, 984, 1134, 417, 567]
152 LIG 23 [1101, 1098, 487, 481, 1054, 1048, 503, 497, 1070, 1064, 965, 1106, 375, 513, 942, 1080, 455, 449, 1022, 1016, 893, 1034, 551, 545, 1118, 1112, 990, 1128, 423, 561]
153 LIG 24 [665, 670, 618, 620, 627, 629, 634, 636, 643, 645, 673, 678, 650, 652, 659, 661, 586, 588, 595, 597, 601, 606, 682, 684, 691, 693, 707, 709, 698, 700]
154 LIG 25 [1099, 1100, 761, 767, 1056, 1062, 777, 783, 1072, 1078, 963, 1108, 649, 799, 944, 1094, 729, 735, 1024, 1030, 891, 1036, 825, 831, 1120, 1126, 992, 1142, 697, 847]
155 LIG 26 [955, 956, 617, 623, 912, 918, 633, 639, 928, 934, 1107, 964, 793, 655, 1088, 950, 585, 591, 880, 886, 1035, 892, 681, 687, 976, 982, 1136, 998, 841, 703]
156 LIG 27 [809, 814, 762, 764, 771, 773, 778, 780, 787, 789, 817, 822, 794, 796, 803, 805, 730, 732, 739, 741, 745, 750, 826, 828, 835, 837, 851, 853, 842, 844]
157 LIG 28 [811, 812, 768, 774, 1049, 1055, 784, 790, 1065, 1071, 675, 820, 656, 806, 937, 1087, 736, 742, 1017, 1023, 603, 748, 832, 838, 1113, 1119, 985, 1135, 704, 854]
158 LIG 29 [667, 668, 624, 630, 905, 911, 640, 646, 921, 927, 819, 676, 800, 662, 1081, 943, 592, 598, 873, 879, 747, 604, 688, 694, 969, 975, 1129, 991, 848, 710]
159 LIG 30 [953, 958, 906, 908, 915, 917, 922, 924, 931, 933, 961, 966, 938, 940, 947, 949, 874, 876, 883, 885, 889, 894, 970, 972, 979, 981, 995, 997, 986, 988]
160 LIG 31 [1097, 1102, 1050, 1052, 1059, 1061, 1066, 1068, 1075, 1077, 1105, 1110, 1082, 1084, 1091, 1093, 1018, 1020, 1027, 1029, 1033, 1038, 1114, 1116, 1123, 1125, 1139, 1141, 1130, 1132]
